1001 Scorpion
1001 Scorpion
1005 Farmiliar
1005 Farmiliar
1005 Farmiliar
1005 Farmiliar
1007 Fabre
1007 Fabre
1007 Fabre
1007 Fabre
1016 Archer Skeleton
1018 Creamy
1018 Creamy
1020 Mandragora
1020 Mandragora
1023 Orc Warrior
1026 Munak
1026 Munak
1029 Isis
1037 Sidewinder
1040 Golem
1042 Steel Chonchon
1044 Obeaune
1045 Marc
1047 Pecopeco Egg
1047 Pecopeco Egg
1047 Pecopeco Egg
1047 Pecopeco Egg
1058 Metaller
1060 Bigfoot
1061 Nightmare
1063 Lunatic
1063 Lunatic
1063 Lunatic
1063 Lunatic
1064 Megalodon
1066 Vadon
1068 Hydra
1070 Kukre
1070 Kukre
1070 Kukre
1070 Kukre
1071 Pirate Skeleton
1076 Skeleton
1076 Skeleton
1076 Skeleton
1076 Skeleton
1077 Poison Spore
1088 Vocal
1091 Dragon Fly
1093 Eclipse
1097 Ant egg
1097 Ant egg
1097 Ant egg
1097 Ant egg
1099 Argiope
1107 Desert Wolf Baby
1107 Desert Wolf Baby
1107 Desert Wolf Baby
1107 Desert Wolf Baby
1109 Deviruchi
1111 Drainliar
1113 Drops
1113 Drops
1113 Drops
1113 Drops
1114 Dustiness
1116 Eggyra
1126 Goblin
1128 Horn
1128 Horn
1131 Joker
1133 Kobold
1135 Kobold
1138 Magnolia
1141 Marina
1143 Marionette
1146 Matyr
1151 Myst
1153 Orc Zombie
1155 Earth Petite
1156 Sky Petite
1160 Piere
1161 Plankton
1161 Plankton
1161 Plankton
1161 Plankton
1163 Reydric
1164 Requiem
1166 Savage
1166 Savage
1166 Savage
1166 Savage
1170 Sohee
1174 Stainer
1180 Ninetail
